<?xml version="1.0" encoding="UTF-8"?>
<!-- Generated by org.testng.reporters.JUnitXMLReporter -->
<testsuite ignored="0" hostname="Nitin-Yadav" failures="1" tests="2" name="Test1.2(failed)(failed)" time="26.126" errors="0" timestamp="2026-06-30T11:13:05 IST">
  <testcase classname="Testcases.paymentcheck" name="login" time="8.798">
    <skipped/>
  </testcase> <!-- login -->
  <testcase classname="Testcases.paymentcheck" name="login" time="8.831">
    <failure type="org.openqa.selenium.ElementClickInterceptedException" message="element click intercepted: Element &amp;lt;a data-product-id=&amp;quot;7&amp;quot; class=&amp;quot;btn btn-default add-to-cart&amp;quot;&amp;gt;...&amp;lt;/a&amp;gt; is not clickable at point (622, 604). Other element would receive the click: &amp;lt;div class=&amp;quot;google-anno-skip goog-rentry&amp;quot; tabindex=&amp;quot;0&amp;quot; role=&amp;quot;link&amp;quot; aria-label=&amp;quot;Intellectual Property&amp;quot; data-google-vignette=&amp;quot;false&amp;quot; data-google-interstitial=&amp;quot;false&amp;quot; style=&amp;quot;color-scheme: initial !important; forced-color-adjust: initial !important; math-depth: initial !important; position: initial !important; position-anchor: initial !important; text-size-adjust: initial !important; appearance: initial !important; font-feature-settings: initial !important; font-kerning: initial !important; font-language-override: initial !important; font-optical-sizing: initial !important; font-palette: initial !important; font-size-adjust: initial !important; font-stretch: initial !important; font-synthesis: initial !important; font-variant: initial !important; font-variation-settings: initial !important; position-area: initial !important; text-rendering: initial !important; text-spacing-trim: initial !important; -webkit-font-smoothing: initial !important; -webkit-locale: initial !important; -webkit-text-orientation: initial !important; -webkit-writing-mode: initial !important; zoom: initial !important; accent-color: initial !important; align-content: initial !important; place-self: initial !important; alignment-baseline: initial !important; anchor-name: initial !important; anchor-scope: initial !important; animation-composition: initial !important; animation: initial !important; animation-trigger: initial !important; app-region: initial !important; aspect-ratio: initial !important; backdrop-filter: initial !important; backface-visibility: initial !important; background-blend-mode: initial !important; baseline-shift: initial !important; baseline-source: initial !important; block-size: initial !important; border-block: initial !important; border: initial !important; border-radius: initial !important; border-collapse: initial !important; border-end-end-radius: initial !important; border-end-start-radius: initial !important; border-inline: initial !important; border-shape: initial !important; border-start-end-radius: initial !important; border-start-start-radius: initial !important; inset: initial !important; box-decoration-break: initial !important; box-shadow: initial !important; break-after: initial !important; break-before: initial !important; break-inside: initial !important; buffered-rendering: initial !important; caption-side: initial !important; caret-animation: initial !important; caret-color: initial !important; caret-shape: initial !important; clear: initial !important; clip: initial !important; clip-path: initial !important; clip-rule: initial !important; color-interpolation: initial !important; color-interpolation-filters: initial !important; color-rendering: initial !important; columns: initial !important; column-fill: initial !important; gap: initial !important; rule-break: initial !important; rule: initial !important; rule-inset: initial !important; rule-visibility-items: initial !important; column-span: initial !important; contain: initial !important; contain-intrinsic-block-size: initial !important; contain-intrinsic-size: initial !important; contain-intrinsic-inline-size: initial !important; container: initial !important; content: initial !important; content-visibility: initial !important; corner-shape: initial !important; corner-block-end-shape: initial !important; corner-block-start-shape: initial !important; counter-increment: initial !important; counter-reset: initial !important; counter-set: initial !important; cx: initial !important; cy: initial !important; d: initial !important; dominant-baseline: initial !important; dynamic-range-limit: initial !important; empty-cells: initial !important; field-sizing: initial !important; fill: initial !important; fill-opacity: initial !important; fill-rule: initial !important; filter: initial !important; flex: initial !important; flex-wrap: initial !important; float: initial !important; flood-color: initial !important; flood-opacity: initial !important; grid: initial !important; grid-area: initial !important; hyphenate-character: initial !important; hyphenate-limit-chars: initial !important; hyphens: initial !important; image-orientation: initial !important; image-rendering: initial !important; initial-letter: initial !important; inline-size: initial !important; inset-block: initial !important; inset-inline: initial !important; interactivity: initial !important; interest-delay: initial !important; interpolate-size: initial !important; isolation: initial !important; justify-items: initial !important; letter-spacing: initial !important; lighting-color: initial !important; line-break: initial !important; line-height: initial !important; list-style: initial !important; margin-block: initial !important; margin-inline: initial !important; margin-left: initial !important; margin-right: initial !important; margin-top: initial !important; marker: initial !important; mask: initial !important; mask-type: initial !important; math-shift: initial !important; math-style: initial !important; max-block-size: initial !important; max-height: initial !important; max-inline-size: initial !important; max-width: initial !important; min-block-size: initial !important; min-height: initial !important; min-inline-size: initial !important; mix-blend-mode: initial !important; object-fit: initial !important; object-position: initial !important; object-view-box: initial !important; offset: initial !important; opacity: initial !important; order: initial !important; orphans: initial !important; outline: initial !important; outline-offset: initial !important; overflow-anchor: initial !important; overflow-block: initial !important; overflow-clip-margin: initial !important; overflow-inline: initial !important; overflow-wrap: initial !important; overflow: initial !important; overlay: initial !important; overscroll-behavior-block: initial !important; overscroll-behavior-inline: initial !important; overscroll-behavior: initial !important; padding-block: initial !important; padding: initial !important; page: initial !important; page-orientation: initial !important; paint-order: initial !important; perspective: initial !important; perspective-origin: initial !important; pointer-events: initial !important; position-try: initial !important; position-visibility: initial !important; print-color-adjust: initial !important; quotes: initial !important; r: initial !important; reading-flow: initial !important; reading-order: initial !important; resize: initial !important; rotate: initial !important; ruby-align: initial !important; ruby-position: initial !important; rule-overlap: initial !important; rx: initial !important; ry: initial !important; scale: initial !important; scroll-behavior: initial !important; scroll-initial-target: initial !important; scroll-margin-block: initial !important; scroll-margin: initial !important; scroll-margin-inline: initial !important; scroll-marker-group: initial !important; scroll-padding-block: initial !important; scroll-padding: initial !important; scroll-padding-inline: initial !important; scroll-snap-align: initial !important; scroll-snap-stop: initial !important; scroll-snap-type: initial !important; scroll-target-group: initial !important; scroll-timeline: initial !important; scrollbar-color: initial !important; scrollbar-gutter: initial !important; scrollbar-width: initial !important; shape-image-threshold: initial !important; shape-margin: initial !important; shape-outside: initial !important; shape-rendering: initial !important; size: initial !important; speak: initial !important; stop-color: initial !important; stop-opacity: initial !important; stroke: initial !important; stroke-dasharray: initial !important; stroke-dashoffset: initial !important; stroke-linecap: initial !important; stroke-linejoin: initial !important; stroke-miterlimit: initial !important; stroke-opacity: initial !important; stroke-width: initial !important; tab-size: initial !important; table-layout: initial !important; text-align-last: initial !important; text-anchor: initial !important; text-autospace: initial !important; text-box: initial !important; text-combine-upright: initial !important; text-decoration: initial !important; text-decoration-skip-ink: initial !important; text-emphasis: initial !important; text-emphasis-position: initial !important; text-indent: initial !important; text-justify: initial !important; text-overflow: initial !important; text-shadow: initial !important; text-transform: initial !important; text-underline-offset: initial !important; text-underline-position: initial !important; text-wrap: initial !important; timeline-scope: initial !important; timeline-trigger: initial !important; touch-action: initial !important; transform: initial !important; transform-box: initial !important; transform-origin: initial !important; transform-style: initial !important; transition: initial !important; translate: initial !important; trigger-scope: initial !important; user-select: initial !important; vector-effect: initial !important; vertical-align: initial !important; view-timeline: initial !important; view-transition-class: initial !important; view-transition-group: initial !important; view-transition-name: initial !important; view-transition-scope: initial !important; border-spacing: initial !important; -webkit-box-align: initial !important; -webkit-box-decoration-break: initial !important; -webkit-box-direction: initial !important; -webkit-box-flex: initial !important; -webkit-box-ordinal-group: initial !important; -webkit-box-orient: initial !important; -webkit-box-pack: initial !important; -webkit-box-reflect: initial !important; -webkit-line-break: initial !important; -webkit-line-clamp: initial !important; -webkit-mask-box-image: initial !important; -webkit-rtl-ordering: initial !important; -webkit-ruby-position: initial !important; -webkit-tap-highlight-color: initial !important; -webkit-text-combine: initial !important; -webkit-text-decorations-in-effect: initial !important; -webkit-text-security: initial !important; -webkit-text-stroke: initial !important; -webkit-user-drag: initial !important; white-space-collapse: initial !important; widows: initial !important; will-change: initial !important; word-break: initial !important; word-spacing: initial !important; x: initial !important; y: initial !important; z-index: initial !important; -webkit-text-fill-color: unset !important; color: rgb(60, 64, 67) !important; cursor: pointer !important; direction: inherit !important; font-family: &amp;amp;quot;Google Sans&amp;amp;quot;, Roboto, Arial, sans-serif !important; font-size: 18px !important; font-weight: 400 !important; text-align: inherit !important; text-orientation: inherit !important; visibility: inherit !important; writing-mode: inherit !important; display: flex !important; flex-direction: row !important; justify-content: flex-start !important; padding-inline: 16px !important; align-items: center !important; margin-bottom: 0px !important; box-sizing: border-box !important; height: 58px !important; width: 100% !important; min-width: 0px !important; font-style: normal !important; background: rgb(255, 255, 255) !important;&amp;quot;&amp;gt;...&amp;lt;/div&amp;gt;
  (Session info: MicrosoftEdge=149.0.4022.98)
Build info: version: &amp;apos;4.41.0&amp;apos;, revision: &amp;apos;9fc754f&amp;apos;
System info: os.name: &amp;apos;Windows 11&amp;apos;, os.arch: &amp;apos;amd64&amp;apos;, os.version: &amp;apos;10.0&amp;apos;, java.version: &amp;apos;17.0.10&amp;apos;
Driver info: org.openqa.selenium.edge.EdgeDriver
Command: [cf2b47a999af6210155132fcae89f4c7, clickElement {id=f.26778F4AC0E999E6C71DBDA3E9028981.d.8D9CF54B22E3996748927CF2FC77638D.e.191}]
Capabilities {acceptInsecureCerts: false, browserName: MicrosoftEdge, browserVersion: 149.0.4022.98, fedcm:accounts: true, goog:processID: 46552, ms:edgeOptions: {debuggerAddress: localhost:54558}, msedge: {msedgedriverVersion: 149.0.4022.98 (d8414318246f..., userDataDir: C:\Users\HP\AppData\Local\T...}, networkConnectionEnabled: false, pageLoadStrategy: normal, platformName: windows, proxy: Proxy(), se:cdp: ws://localhost:54558/devtoo..., se:cdpVersion: 149.0.4022.98, setWindowRect: true, strictFileInteractability: false, timeouts: {implicit: 0, pageLoad: 300000, script: 30000}, unhandledPromptBehavior: dismiss and notify, webauthn:extension:credBlob: true, webauthn:extension:largeBlob: true, webauthn:extension:minPinLength: true, webauthn:extension:prf: true, webauthn:virtualAuthenticators: true}
Element: [[EdgeDriver: MicrosoftEdge on windows (cf2b47a999af6210155132fcae89f4c7)] -&amp;gt; xpath: (//a[contains(@class,&amp;apos;btn btn-default add-to-cart&amp;apos;) and @data-product-id=&amp;apos;7&amp;apos;])[1]]
Session ID: cf2b47a999af6210155132fcae89f4c7">
      <![CDATA[org.openqa.selenium.ElementClickInterceptedException: element click intercepted: Element <a data-product-id="7" class="btn btn-default add-to-cart">...</a> is not clickable at point (622, 604). Other element would receive the click: <div class="google-anno-skip goog-rentry" tabindex="0" role="link" aria-label="Intellectual Property" data-google-vignette="false" data-google-interstitial="false" style="color-scheme: initial !important; forced-color-adjust: initial !important; math-depth: initial !important; position: initial !important; position-anchor: initial !important; text-size-adjust: initial !important; appearance: initial !important; font-feature-settings: initial !important; font-kerning: initial !important; font-language-override: initial !important; font-optical-sizing: initial !important; font-palette: initial !important; font-size-adjust: initial !important; font-stretch: initial !important; font-synthesis: initial !important; font-variant: initial !important; font-variation-settings: initial !important; position-area: initial !important; text-rendering: initial !important; text-spacing-trim: initial !important; -webkit-font-smoothing: initial !important; -webkit-locale: initial !important; -webkit-text-orientation: initial !important; -webkit-writing-mode: initial !important; zoom: initial !important; accent-color: initial !important; align-content: initial !important; place-self: initial !important; alignment-baseline: initial !important; anchor-name: initial !important; anchor-scope: initial !important; animation-composition: initial !important; animation: initial !important; animation-trigger: initial !important; app-region: initial !important; aspect-ratio: initial !important; backdrop-filter: initial !important; backface-visibility: initial !important; background-blend-mode: initial !important; baseline-shift: initial !important; baseline-source: initial !important; block-size: initial !important; border-block: initial !important; border: initial !important; border-radius: initial !important; border-collapse: initial !important; border-end-end-radius: initial !important; border-end-start-radius: initial !important; border-inline: initial !important; border-shape: initial !important; border-start-end-radius: initial !important; border-start-start-radius: initial !important; inset: initial !important; box-decoration-break: initial !important; box-shadow: initial !important; break-after: initial !important; break-before: initial !important; break-inside: initial !important; buffered-rendering: initial !important; caption-side: initial !important; caret-animation: initial !important; caret-color: initial !important; caret-shape: initial !important; clear: initial !important; clip: initial !important; clip-path: initial !important; clip-rule: initial !important; color-interpolation: initial !important; color-interpolation-filters: initial !important; color-rendering: initial !important; columns: initial !important; column-fill: initial !important; gap: initial !important; rule-break: initial !important; rule: initial !important; rule-inset: initial !important; rule-visibility-items: initial !important; column-span: initial !important; contain: initial !important; contain-intrinsic-block-size: initial !important; contain-intrinsic-size: initial !important; contain-intrinsic-inline-size: initial !important; container: initial !important; content: initial !important; content-visibility: initial !important; corner-shape: initial !important; corner-block-end-shape: initial !important; corner-block-start-shape: initial !important; counter-increment: initial !important; counter-reset: initial !important; counter-set: initial !important; cx: initial !important; cy: initial !important; d: initial !important; dominant-baseline: initial !important; dynamic-range-limit: initial !important; empty-cells: initial !important; field-sizing: initial !important; fill: initial !important; fill-opacity: initial !important; fill-rule: initial !important; filter: initial !important; flex: initial !important; flex-wrap: initial !important; float: initial !important; flood-color: initial !important; flood-opacity: initial !important; grid: initial !important; grid-area: initial !important; hyphenate-character: initial !important; hyphenate-limit-chars: initial !important; hyphens: initial !important; image-orientation: initial !important; image-rendering: initial !important; initial-letter: initial !important; inline-size: initial !important; inset-block: initial !important; inset-inline: initial !important; interactivity: initial !important; interest-delay: initial !important; interpolate-size: initial !important; isolation: initial !important; justify-items: initial !important; letter-spacing: initial !important; lighting-color: initial !important; line-break: initial !important; line-height: initial !important; list-style: initial !important; margin-block: initial !important; margin-inline: initial !important; margin-left: initial !important; margin-right: initial !important; margin-top: initial !important; marker: initial !important; mask: initial !important; mask-type: initial !important; math-shift: initial !important; math-style: initial !important; max-block-size: initial !important; max-height: initial !important; max-inline-size: initial !important; max-width: initial !important; min-block-size: initial !important; min-height: initial !important; min-inline-size: initial !important; mix-blend-mode: initial !important; object-fit: initial !important; object-position: initial !important; object-view-box: initial !important; offset: initial !important; opacity: initial !important; order: initial !important; orphans: initial !important; outline: initial !important; outline-offset: initial !important; overflow-anchor: initial !important; overflow-block: initial !important; overflow-clip-margin: initial !important; overflow-inline: initial !important; overflow-wrap: initial !important; overflow: initial !important; overlay: initial !important; overscroll-behavior-block: initial !important; overscroll-behavior-inline: initial !important; overscroll-behavior: initial !important; padding-block: initial !important; padding: initial !important; page: initial !important; page-orientation: initial !important; paint-order: initial !important; perspective: initial !important; perspective-origin: initial !important; pointer-events: initial !important; position-try: initial !important; position-visibility: initial !important; print-color-adjust: initial !important; quotes: initial !important; r: initial !important; reading-flow: initial !important; reading-order: initial !important; resize: initial !important; rotate: initial !important; ruby-align: initial !important; ruby-position: initial !important; rule-overlap: initial !important; rx: initial !important; ry: initial !important; scale: initial !important; scroll-behavior: initial !important; scroll-initial-target: initial !important; scroll-margin-block: initial !important; scroll-margin: initial !important; scroll-margin-inline: initial !important; scroll-marker-group: initial !important; scroll-padding-block: initial !important; scroll-padding: initial !important; scroll-padding-inline: initial !important; scroll-snap-align: initial !important; scroll-snap-stop: initial !important; scroll-snap-type: initial !important; scroll-target-group: initial !important; scroll-timeline: initial !important; scrollbar-color: initial !important; scrollbar-gutter: initial !important; scrollbar-width: initial !important; shape-image-threshold: initial !important; shape-margin: initial !important; shape-outside: initial !important; shape-rendering: initial !important; size: initial !important; speak: initial !important; stop-color: initial !important; stop-opacity: initial !important; stroke: initial !important; stroke-dasharray: initial !important; stroke-dashoffset: initial !important; stroke-linecap: initial !important; stroke-linejoin: initial !important; stroke-miterlimit: initial !important; stroke-opacity: initial !important; stroke-width: initial !important; tab-size: initial !important; table-layout: initial !important; text-align-last: initial !important; text-anchor: initial !important; text-autospace: initial !important; text-box: initial !important; text-combine-upright: initial !important; text-decoration: initial !important; text-decoration-skip-ink: initial !important; text-emphasis: initial !important; text-emphasis-position: initial !important; text-indent: initial !important; text-justify: initial !important; text-overflow: initial !important; text-shadow: initial !important; text-transform: initial !important; text-underline-offset: initial !important; text-underline-position: initial !important; text-wrap: initial !important; timeline-scope: initial !important; timeline-trigger: initial !important; touch-action: initial !important; transform: initial !important; transform-box: initial !important; transform-origin: initial !important; transform-style: initial !important; transition: initial !important; translate: initial !important; trigger-scope: initial !important; user-select: initial !important; vector-effect: initial !important; vertical-align: initial !important; view-timeline: initial !important; view-transition-class: initial !important; view-transition-group: initial !important; view-transition-name: initial !important; view-transition-scope: initial !important; border-spacing: initial !important; -webkit-box-align: initial !important; -webkit-box-decoration-break: initial !important; -webkit-box-direction: initial !important; -webkit-box-flex: initial !important; -webkit-box-ordinal-group: initial !important; -webkit-box-orient: initial !important; -webkit-box-pack: initial !important; -webkit-box-reflect: initial !important; -webkit-line-break: initial !important; -webkit-line-clamp: initial !important; -webkit-mask-box-image: initial !important; -webkit-rtl-ordering: initial !important; -webkit-ruby-position: initial !important; -webkit-tap-highlight-color: initial !important; -webkit-text-combine: initial !important; -webkit-text-decorations-in-effect: initial !important; -webkit-text-security: initial !important; -webkit-text-stroke: initial !important; -webkit-user-drag: initial !important; white-space-collapse: initial !important; widows: initial !important; will-change: initial !important; word-break: initial !important; word-spacing: initial !important; x: initial !important; y: initial !important; z-index: initial !important; -webkit-text-fill-color: unset !important; color: rgb(60, 64, 67) !important; cursor: pointer !important; direction: inherit !important; font-family: &quot;Google Sans&quot;, Roboto, Arial, sans-serif !important; font-size: 18px !important; font-weight: 400 !important; text-align: inherit !important; text-orientation: inherit !important; visibility: inherit !important; writing-mode: inherit !important; display: flex !important; flex-direction: row !important; justify-content: flex-start !important; padding-inline: 16px !important; align-items: center !important; margin-bottom: 0px !important; box-sizing: border-box !important; height: 58px !important; width: 100% !important; min-width: 0px !important; font-style: normal !important; background: rgb(255, 255, 255) !important;">...</div>
  (Session info: MicrosoftEdge=149.0.4022.98)
Build info: version: '4.41.0', revision: '9fc754f'
System info: os.name: 'Windows 11', os.arch: 'amd64', os.version: '10.0', java.version: '17.0.10'
Driver info: org.openqa.selenium.edge.EdgeDriver
Command: [cf2b47a999af6210155132fcae89f4c7, clickElement {id=f.26778F4AC0E999E6C71DBDA3E9028981.d.8D9CF54B22E3996748927CF2FC77638D.e.191}]
Capabilities {acceptInsecureCerts: false, browserName: MicrosoftEdge, browserVersion: 149.0.4022.98, fedcm:accounts: true, goog:processID: 46552, ms:edgeOptions: {debuggerAddress: localhost:54558}, msedge: {msedgedriverVersion: 149.0.4022.98 (d8414318246f..., userDataDir: C:\Users\HP\AppData\Local\T...}, networkConnectionEnabled: false, pageLoadStrategy: normal, platformName: windows, proxy: Proxy(), se:cdp: ws://localhost:54558/devtoo..., se:cdpVersion: 149.0.4022.98, setWindowRect: true, strictFileInteractability: false, timeouts: {implicit: 0, pageLoad: 300000, script: 30000}, unhandledPromptBehavior: dismiss and notify, webauthn:extension:credBlob: true, webauthn:extension:largeBlob: true, webauthn:extension:minPinLength: true, webauthn:extension:prf: true, webauthn:virtualAuthenticators: true}
Element: [[EdgeDriver: MicrosoftEdge on windows (cf2b47a999af6210155132fcae89f4c7)] -> xpath: (//a[contains(@class,'btn btn-default add-to-cart') and @data-product-id='7'])[1]]
Session ID: cf2b47a999af6210155132fcae89f4c7
at org.openqa.selenium.remote.ErrorCodec.decode(ErrorCodec.java:169)
at org.openqa.selenium.remote.codec.w3c.W3CHttpResponseCodec.decode(W3CHttpResponseCodec.java:142)
at org.openqa.selenium.remote.codec.w3c.W3CHttpResponseCodec.decode(W3CHttpResponseCodec.java:49)
at org.openqa.selenium.remote.HttpCommandExecutor.execute(HttpCommandExecutor.java:223)
at org.openqa.selenium.remote.service.DriverCommandExecutor.invokeExecute(DriverCommandExecutor.java:216)
at org.openqa.selenium.remote.service.DriverCommandExecutor.execute(DriverCommandExecutor.java:174)
at org.openqa.selenium.remote.RemoteWebDriver.execute(RemoteWebDriver.java:604)
at org.openqa.selenium.remote.RemoteWebElement.execute(RemoteWebElement.java:223)
at org.openqa.selenium.remote.RemoteWebElement.click(RemoteWebElement.java:76)
at Pages.ProductAddToCart.cart(ProductAddToCart.java:47)
at Testcases.paymentcheck.login(paymentcheck.java:21)
at java.base/java.util.ArrayList.forEach(ArrayList.java:1511)
... Removed 27 stack frames]]>
    </failure>
  </testcase> <!-- login -->
</testsuite> <!-- Test1.2(failed)(failed) -->
