<?xml version="1.0" encoding="UTF-8"?>
<!-- Generated by org.testng.reporters.JUnitXMLReporter -->
<testsuite ignored="0" hostname="Nitin-Yadav" failures="0" tests="20" name="Test2.3" time="307.119" errors="0" timestamp="2026-07-01T11:23:42 IST">
  <testcase classname="Testcases.LoginTest" name="verifylogin" time="4.79"/>
  <testcase classname="Testcases.LoginTest" name="verifylogin" time="2.379"/>
  <testcase classname="Testcases.LoginTest" name="verifylogin" time="2.441"/>
  <testcase classname="Testcases.LoginTest" name="verifylogin" time="2.82"/>
  <testcase classname="Testcases.LoginTest" name="verifylogin" time="4.847"/>
  <testcase classname="Testcases.LoginTest" name="verifylogin" time="2.682"/>
  <testcase classname="Testcases.LoginTest" name="verifylogin" time="18.875"/>
  <testcase classname="Testcases.LoginTest" name="verifylogin" time="5.995"/>
  <testcase classname="Testcases.LoginTest" name="verifylogin" time="5.245"/>
  <testcase classname="Testcases.LoginTest" name="verifylogin" time="1.963"/>
  <testcase classname="Testcases.LoginTest" name="verifylogin" time="2.713"/>
  <testcase classname="Testcases.LoginTest" name="verifylogin" time="1.744"/>
  <testcase classname="Testcases.LoginTest" name="verifylogin" time="2.011"/>
  <testcase classname="Testcases.LoginTest" name="verifylogin" time="2.545"/>
  <testcase classname="Testcases.LoginTest" name="verifylogin" time="2.155"/>
  <testcase classname="Testcases.LoginTest" name="verifylogin" time="3.216"/>
  <testcase classname="Testcases.LoginTest" name="verifylogin" time="2.576"/>
  <testcase classname="Testcases.LoginTest" name="verifylogin" time="2.641"/>
  <testcase classname="Testcases.LoginTest" name="verifylogin" time="2.567"/>
  <testcase classname="Testcases.LoginTest" name="verifylogin" time="5.29"/>
</testsuite> <!-- Test2.3 -->
