<?xml version="1.0" encoding="UTF-8"?>
<!-- Generated by org.testng.reporters.JUnitXMLReporter -->
<testsuite ignored="0" hostname="Nitin-Yadav" failures="0" tests="20" name="Test2.2" time="156.126" errors="0" timestamp="2026-07-01T11:18:35 IST">
  <testcase classname="Testcases.LoginTest" name="verifylogin" time="4.797"/>
  <testcase classname="Testcases.LoginTest" name="verifylogin" time="3.193"/>
  <testcase classname="Testcases.LoginTest" name="verifylogin" time="2.474"/>
  <testcase classname="Testcases.LoginTest" name="verifylogin" time="3.258"/>
  <testcase classname="Testcases.LoginTest" name="verifylogin" time="3.17"/>
  <testcase classname="Testcases.LoginTest" name="verifylogin" time="3.651"/>
  <testcase classname="Testcases.LoginTest" name="verifylogin" time="4.005"/>
  <testcase classname="Testcases.LoginTest" name="verifylogin" time="4.279"/>
  <testcase classname="Testcases.LoginTest" name="verifylogin" time="2.994"/>
  <testcase classname="Testcases.LoginTest" name="verifylogin" time="2.706"/>
  <testcase classname="Testcases.LoginTest" name="verifylogin" time="3.333"/>
  <testcase classname="Testcases.LoginTest" name="verifylogin" time="3.066"/>
  <testcase classname="Testcases.LoginTest" name="verifylogin" time="3.201"/>
  <testcase classname="Testcases.LoginTest" name="verifylogin" time="2.922"/>
  <testcase classname="Testcases.LoginTest" name="verifylogin" time="0.527"/>
  <testcase classname="Testcases.LoginTest" name="verifylogin" time="3.028"/>
  <testcase classname="Testcases.LoginTest" name="verifylogin" time="0.349"/>
  <testcase classname="Testcases.LoginTest" name="verifylogin" time="0.361"/>
  <testcase classname="Testcases.LoginTest" name="verifylogin" time="3.579"/>
  <testcase classname="Testcases.LoginTest" name="verifylogin" time="4.052"/>
</testsuite> <!-- Test2.2 -->
