<?xml version="1.0" encoding="UTF-8"?>
<!-- Generated by org.testng.reporters.JUnitReportReporter -->
<testsuite hostname="Nitin-Yadav" failures="0" tests="6" name="Testcases.LoginTest" time="70.477" errors="0" timestamp="2026-07-08T12:34:36 IST" skipped="0">
  <testcase classname="Testcases.LoginTest" name="verifylogin" time="8.348"/>
  <testcase classname="Testcases.LoginTest" name="verifylogin" time="13.779"/>
  <testcase classname="Testcases.LoginTest" name="verifylogin" time="11.072"/>
  <testcase classname="Testcases.LoginTest" name="verifylogin" time="15.307"/>
  <testcase classname="Testcases.LoginTest" name="verifylogin" time="10.770"/>
  <testcase classname="Testcases.LoginTest" name="verifylogin" time="11.201"/>
</testsuite> <!-- Testcases.LoginTest -->
