<?xml version="1.0" encoding="UTF-8"?>
<!-- Generated by org.testng.reporters.JUnitReportReporter -->
<testsuite hostname="Nitin-Yadav" failures="0" tests="3" name="Testcases.LoginTest2" time="30.976" errors="0" timestamp="2026-06-29T09:18:37 IST" skipped="0">
  <testcase classname="Testcases.LoginTest2" name="verifylogin" time="10.442"/>
  <testcase classname="Testcases.LoginTest2" name="verifylogin" time="5.911"/>
  <testcase classname="Testcases.LoginTest2" name="verifylogin" time="14.623"/>
</testsuite> <!-- Testcases.LoginTest2 -->
