<?xml version="1.0" encoding="UTF-8"?>
<!-- Generated by org.testng.reporters.JUnitReportReporter -->
<testsuite hostname="Nitin-Yadav" failures="0" tests="6" name="Testcases.LoginTest" time="89.175" errors="0" timestamp="2026-07-08T10:02:49 IST" skipped="0">
  <testcase classname="Testcases.LoginTest" name="verifylogin" time="12.989"/>
  <testcase classname="Testcases.LoginTest" name="verifylogin" time="7.496"/>
  <testcase classname="Testcases.LoginTest" name="verifylogin" time="30.079"/>
  <testcase classname="Testcases.LoginTest" name="verifylogin" time="11.735"/>
  <testcase classname="Testcases.LoginTest" name="verifylogin" time="11.984"/>
  <testcase classname="Testcases.LoginTest" name="verifylogin" time="14.892"/>
</testsuite> <!-- Testcases.LoginTest -->
