<?xml version="1.0" encoding="UTF-8"?>
<!-- Generated by org.testng.reporters.JUnitXMLReporter -->
<testsuite ignored="0" hostname="Nitin-Yadav" failures="0" tests="6" name="Test4.2(Chrome Execution)" time="126.262" errors="0" timestamp="2026-07-08T13:11:42 IST">
  <testcase classname="Testcases.LoginTest" name="verifylogin" time="8.539"/>
  <testcase classname="Testcases.LoginTest" name="verifylogin" time="2.565"/>
  <testcase classname="Testcases.ProductCart" name="verifylogin" time="56.114"/>
  <testcase classname="Testcases.ProductCart" name="verifylogin" time="2.591"/>
  <testcase classname="Testcases.paymentcheck" name="verifylogin" time="8.956"/>
  <testcase classname="Testcases.paymentcheck" name="verifylogin" time="2.606"/>
</testsuite> <!-- Test4.2(Chrome Execution) -->
