<?xml version="1.0" encoding="UTF-8"?>
<!-- Generated by org.testng.reporters.JUnitXMLReporter -->
<testsuite ignored="0" hostname="Nitin-Yadav" failures="0" tests="6" name="Test4.3(Edge Execution)" time="98.225" errors="0" timestamp="2026-07-08T10:02:49 IST">
  <testcase classname="Testcases.LoginTest" name="verifylogin" time="3.781"/>
  <testcase classname="Testcases.LoginTest" name="verifylogin" time="3.782"/>
  <testcase classname="Testcases.ProductCart" name="verifylogin" time="37.566"/>
  <testcase classname="Testcases.ProductCart" name="verifylogin" time="0.0">
    <skipped/>
  </testcase> <!-- verifylogin -->
  <testcase classname="Testcases.paymentcheck" name="verifylogin" time="0.0">
    <skipped/>
  </testcase> <!-- verifylogin -->
  <testcase classname="Testcases.paymentcheck" name="verifylogin" time="0.0">
    <skipped/>
  </testcase> <!-- verifylogin -->
</testsuite> <!-- Test4.3(Edge Execution) -->
