<?xml version="1.0" encoding="UTF-8"?>
<!-- Generated by org.testng.reporters.JUnitXMLReporter -->
<testsuite ignored="0" hostname="Nitin-Yadav" failures="0" tests="6" name="Test4.1(Firefox Execution)" time="133.114" errors="0" timestamp="2026-07-08T09:59:25 IST">
  <testcase classname="Testcases.LoginTest" name="verifylogin" time="3.78"/>
  <testcase classname="Testcases.LoginTest" name="verifylogin" time="2.277"/>
  <testcase classname="Testcases.ProductCart" name="verifylogin" time="16.606"/>
  <testcase classname="Testcases.ProductCart" name="verifylogin" time="1.571"/>
  <testcase classname="Testcases.paymentcheck" name="verifylogin" time="25.747"/>
  <testcase classname="Testcases.paymentcheck" name="verifylogin" time="2.004"/>
</testsuite> <!-- Test4.1(Firefox Execution) -->
