<?xml version="1.0" encoding="UTF-8"?>
<!-- Generated by org.testng.reporters.JUnitXMLReporter -->
<testsuite ignored="0" hostname="Nitin-Yadav" failures="0" tests="20" name="Test3.3" time="0.077" errors="0" timestamp="2026-07-02T10:48:49 IST">
  <testcase classname="Testcases.LoginTest" name="verifylogin" time="0.0">
    <skipped/>
  </testcase> <!-- verifylogin -->
  <testcase classname="Testcases.LoginTest" name="verifylogin" time="0.0">
    <skipped/>
  </testcase> <!-- verifylogin -->
  <testcase classname="Testcases.LoginTest" name="verifylogin" time="0.0">
    <skipped/>
  </testcase> <!-- verifylogin -->
  <testcase classname="Testcases.LoginTest" name="verifylogin" time="0.0">
    <skipped/>
  </testcase> <!-- verifylogin -->
  <testcase classname="Testcases.LoginTest" name="verifylogin" time="0.0">
    <skipped/>
  </testcase> <!-- verifylogin -->
  <testcase classname="Testcases.LoginTest" name="verifylogin" time="0.0">
    <skipped/>
  </testcase> <!-- verifylogin -->
  <testcase classname="Testcases.LoginTest" name="verifylogin" time="0.001">
    <skipped/>
  </testcase> <!-- verifylogin -->
  <testcase classname="Testcases.LoginTest" name="verifylogin" time="0.0">
    <skipped/>
  </testcase> <!-- verifylogin -->
  <testcase classname="Testcases.LoginTest" name="verifylogin" time="0.0">
    <skipped/>
  </testcase> <!-- verifylogin -->
  <testcase classname="Testcases.LoginTest" name="verifylogin" time="0.0">
    <skipped/>
  </testcase> <!-- verifylogin -->
  <testcase classname="Testcases.LoginTest" name="verifylogin" time="0.0">
    <skipped/>
  </testcase> <!-- verifylogin -->
  <testcase classname="Testcases.LoginTest" name="verifylogin" time="0.0">
    <skipped/>
  </testcase> <!-- verifylogin -->
  <testcase classname="Testcases.LoginTest" name="verifylogin" time="0.0">
    <skipped/>
  </testcase> <!-- verifylogin -->
  <testcase classname="Testcases.LoginTest" name="verifylogin" time="0.0">
    <skipped/>
  </testcase> <!-- verifylogin -->
  <testcase classname="Testcases.LoginTest" name="verifylogin" time="0.0">
    <skipped/>
  </testcase> <!-- verifylogin -->
  <testcase classname="Testcases.LoginTest" name="verifylogin" time="0.0">
    <skipped/>
  </testcase> <!-- verifylogin -->
  <testcase classname="Testcases.LoginTest" name="verifylogin" time="0.0">
    <skipped/>
  </testcase> <!-- verifylogin -->
  <testcase classname="Testcases.LoginTest" name="verifylogin" time="0.0">
    <skipped/>
  </testcase> <!-- verifylogin -->
  <testcase classname="Testcases.LoginTest" name="verifylogin" time="0.0">
    <skipped/>
  </testcase> <!-- verifylogin -->
  <testcase classname="Testcases.LoginTest" name="verifylogin" time="0.0">
    <skipped/>
  </testcase> <!-- verifylogin -->
</testsuite> <!-- Test3.3 -->
