<?xml version="1.0" encoding="UTF-8"?>
<!-- Generated by org.testng.reporters.JUnitXMLReporter -->
<testsuite ignored="0" hostname="Nitin-Yadav" failures="0" tests="22" name="Test1.3" time="353.58" errors="0" timestamp="2026-07-01T11:44:53 IST">
  <testcase classname="Testcases.LoginTest" name="verifylogin" time="6.588"/>
  <testcase classname="Testcases.LoginTest" name="verifylogin" time="2.477"/>
  <testcase classname="Testcases.LoginTest" name="verifylogin" time="2.774"/>
  <testcase classname="Testcases.LoginTest" name="verifylogin" time="2.554"/>
  <testcase classname="Testcases.LoginTest" name="verifylogin" time="6.056"/>
  <testcase classname="Testcases.LoginTest" name="verifylogin" time="2.278"/>
  <testcase classname="Testcases.LoginTest" name="verifylogin" time="5.215"/>
  <testcase classname="Testcases.LoginTest" name="verifylogin" time="9.085"/>
  <testcase classname="Testcases.LoginTest" name="verifylogin" time="5.158"/>
  <testcase classname="Testcases.LoginTest" name="verifylogin" time="3.171"/>
  <testcase classname="Testcases.LoginTest" name="verifylogin" time="2.054"/>
  <testcase classname="Testcases.LoginTest" name="verifylogin" time="2.261"/>
  <testcase classname="Testcases.LoginTest" name="verifylogin" time="2.276"/>
  <testcase classname="Testcases.LoginTest" name="verifylogin" time="2.222"/>
  <testcase classname="Testcases.LoginTest" name="verifylogin" time="1.909"/>
  <testcase classname="Testcases.LoginTest" name="verifylogin" time="2.934"/>
  <testcase classname="Testcases.LoginTest" name="verifylogin" time="2.665"/>
  <testcase classname="Testcases.LoginTest" name="verifylogin" time="2.612"/>
  <testcase classname="Testcases.LoginTest" name="verifylogin" time="2.334"/>
  <testcase classname="Testcases.LoginTest" name="verifylogin" time="4.557"/>
  <testcase classname="Testcases.ProductCart" name="productcart" time="15.138"/>
  <testcase classname="Testcases.paymentcheck" name="login" time="23.325"/>
</testsuite> <!-- Test1.3 -->
