<?xml version="1.0" encoding="UTF-8"?>
<!-- Generated by org.testng.reporters.JUnitXMLReporter -->
<testsuite ignored="0" hostname="Nitin-Yadav" failures="1" tests="22" name="Test1.1" time="207.702" errors="0" timestamp="2026-07-01T11:35:07 IST">
  <testcase classname="Testcases.LoginTest" name="verifylogin" time="4.724"/>
  <testcase classname="Testcases.LoginTest" name="verifylogin" time="3.995"/>
  <testcase classname="Testcases.LoginTest" name="verifylogin" time="3.808"/>
  <testcase classname="Testcases.LoginTest" name="verifylogin" time="2.986"/>
  <testcase classname="Testcases.LoginTest" name="verifylogin" time="4.573"/>
  <testcase classname="Testcases.LoginTest" name="verifylogin" time="3.095"/>
  <testcase classname="Testcases.LoginTest" name="verifylogin" time="4.721"/>
  <testcase classname="Testcases.LoginTest" name="verifylogin" time="4.862"/>
  <testcase classname="Testcases.LoginTest" name="verifylogin" time="0.354"/>
  <testcase classname="Testcases.LoginTest" name="verifylogin" time="3.705"/>
  <testcase classname="Testcases.LoginTest" name="verifylogin" time="3.823"/>
  <testcase classname="Testcases.LoginTest" name="verifylogin" time="0.336"/>
  <testcase classname="Testcases.LoginTest" name="verifylogin" time="4.257"/>
  <testcase classname="Testcases.LoginTest" name="verifylogin" time="0.396"/>
  <testcase classname="Testcases.LoginTest" name="verifylogin" time="2.363"/>
  <testcase classname="Testcases.LoginTest" name="verifylogin" time="3.249"/>
  <testcase classname="Testcases.LoginTest" name="verifylogin" time="4.012"/>
  <testcase classname="Testcases.LoginTest" name="verifylogin" time="3.89"/>
  <testcase classname="Testcases.LoginTest" name="verifylogin" time="3.605"/>
  <testcase classname="Testcases.LoginTest" name="verifylogin" time="4.544"/>
  <testcase classname="Testcases.ProductCart" name="productcart" time="16.667"/>
  <testcase classname="Testcases.paymentcheck" name="login" time="18.518">
    <failure type="org.openqa.selenium.ElementClickInterceptedException" message="element click intercepted: Element &amp;lt;button class=&amp;quot;form-control btn btn-primary submit-button&amp;quot; data-qa=&amp;quot;pay-button&amp;quot; id=&amp;quot;submit&amp;quot; type=&amp;quot;submit&amp;quot;&amp;gt;...&amp;lt;/button&amp;gt; is not clickable at point (760, 565). Other element would receive the click: &amp;lt;div class=&amp;quot;grippy-host&amp;quot;&amp;gt;&amp;lt;/div&amp;gt;
  (Session info: chrome=149.0.7827.115)
Build info: version: &amp;apos;4.41.0&amp;apos;, revision: &amp;apos;9fc754f&amp;apos;
System info: os.name: &amp;apos;Windows 11&amp;apos;, os.arch: &amp;apos;amd64&amp;apos;, os.version: &amp;apos;10.0&amp;apos;, java.version: &amp;apos;17.0.10&amp;apos;
Driver info: org.openqa.selenium.chrome.ChromeDriver
Command: [9b78a2713e991dfd30a3b65b7dd0b6a1, clickElement {id=f.F794D9AE432598345FE3A46A04499614.d.E6615F3D253A889E3CD93E09AEC06534.e.326}]
Capabilities {acceptInsecureCerts: false, browserName: chrome, browserVersion: 149.0.7827.115, chrome: {chromedriverVersion: 149.0.7827.155 (07b52360cc1..., userDataDir: C:\Users\HP\AppData\Local\T...}, fedcm:accounts: true, goog:chromeOptions: {debuggerAddress: localhost:53641}, goog:processID: 41868, networkConnectionEnabled: false, pageLoadStrategy: normal, platformName: windows, proxy: Proxy(), se:cdp: ws://localhost:53641/devtoo..., se:cdpVersion: 149.0.7827.115, setWindowRect: true, strictFileInteractability: false, timeouts: {implicit: 0, pageLoad: 300000, script: 30000}, unhandledPromptBehavior: dismiss and notify, webauthn:extension:credBlob: true, webauthn:extension:largeBlob: true, webauthn:extension:minPinLength: true, webauthn:extension:prf: true, webauthn:virtualAuthenticators: true}
Element: [[ChromeDriver: chrome on windows (9b78a2713e991dfd30a3b65b7dd0b6a1)] -&amp;gt; xpath: //*[contains(@id,&amp;apos;submit&amp;apos;)]]
Session ID: 9b78a2713e991dfd30a3b65b7dd0b6a1">
      <![CDATA[org.openqa.selenium.ElementClickInterceptedException: element click intercepted: Element <button class="form-control btn btn-primary submit-button" data-qa="pay-button" id="submit" type="submit">...</button> is not clickable at point (760, 565). Other element would receive the click: <div class="grippy-host"></div>
  (Session info: chrome=149.0.7827.115)
Build info: version: '4.41.0', revision: '9fc754f'
System info: os.name: 'Windows 11', os.arch: 'amd64', os.version: '10.0', java.version: '17.0.10'
Driver info: org.openqa.selenium.chrome.ChromeDriver
Command: [9b78a2713e991dfd30a3b65b7dd0b6a1, clickElement {id=f.F794D9AE432598345FE3A46A04499614.d.E6615F3D253A889E3CD93E09AEC06534.e.326}]
Capabilities {acceptInsecureCerts: false, browserName: chrome, browserVersion: 149.0.7827.115, chrome: {chromedriverVersion: 149.0.7827.155 (07b52360cc1..., userDataDir: C:\Users\HP\AppData\Local\T...}, fedcm:accounts: true, goog:chromeOptions: {debuggerAddress: localhost:53641}, goog:processID: 41868, networkConnectionEnabled: false, pageLoadStrategy: normal, platformName: windows, proxy: Proxy(), se:cdp: ws://localhost:53641/devtoo..., se:cdpVersion: 149.0.7827.115, setWindowRect: true, strictFileInteractability: false, timeouts: {implicit: 0, pageLoad: 300000, script: 30000}, unhandledPromptBehavior: dismiss and notify, webauthn:extension:credBlob: true, webauthn:extension:largeBlob: true, webauthn:extension:minPinLength: true, webauthn:extension:prf: true, webauthn:virtualAuthenticators: true}
Element: [[ChromeDriver: chrome on windows (9b78a2713e991dfd30a3b65b7dd0b6a1)] -> xpath: //*[contains(@id,'submit')]]
Session ID: 9b78a2713e991dfd30a3b65b7dd0b6a1
at org.openqa.selenium.remote.ErrorCodec.decode(ErrorCodec.java:169)
at org.openqa.selenium.remote.codec.w3c.W3CHttpResponseCodec.decode(W3CHttpResponseCodec.java:142)
at org.openqa.selenium.remote.codec.w3c.W3CHttpResponseCodec.decode(W3CHttpResponseCodec.java:49)
at org.openqa.selenium.remote.HttpCommandExecutor.execute(HttpCommandExecutor.java:223)
at org.openqa.selenium.remote.service.DriverCommandExecutor.invokeExecute(DriverCommandExecutor.java:216)
at org.openqa.selenium.remote.service.DriverCommandExecutor.execute(DriverCommandExecutor.java:174)
at org.openqa.selenium.remote.RemoteWebDriver.execute(RemoteWebDriver.java:604)
at org.openqa.selenium.remote.RemoteWebElement.execute(RemoteWebElement.java:223)
at org.openqa.selenium.remote.RemoteWebElement.click(RemoteWebElement.java:76)
at Pages.PaymentFlow.credit_card_payment(PaymentFlow.java:54)
at Testcases.paymentcheck.login(paymentcheck.java:25)
at java.base/java.util.ArrayList.forEach(ArrayList.java:1511)
... Removed 27 stack frames]]>
    </failure>
  </testcase> <!-- login -->
</testsuite> <!-- Test1.1 -->
