<?xml version="1.0" encoding="UTF-8"?>
<!-- Generated by org.testng.reporters.JUnitXMLReporter -->
<testsuite ignored="0" hostname="Nitin-Yadav" failures="1" tests="22" name="Test1.2" time="232.405" errors="0" timestamp="2026-07-01T11:39:00 IST">
  <testcase classname="Testcases.LoginTest" name="verifylogin" time="5.283"/>
  <testcase classname="Testcases.LoginTest" name="verifylogin" time="2.968"/>
  <testcase classname="Testcases.LoginTest" name="verifylogin" time="4.072"/>
  <testcase classname="Testcases.LoginTest" name="verifylogin" time="0.394"/>
  <testcase classname="Testcases.LoginTest" name="verifylogin" time="4.674"/>
  <testcase classname="Testcases.LoginTest" name="verifylogin" time="0.418"/>
  <testcase classname="Testcases.LoginTest" name="verifylogin" time="0.374"/>
  <testcase classname="Testcases.LoginTest" name="verifylogin" time="14.259"/>
  <testcase classname="Testcases.LoginTest" name="verifylogin" time="0.45"/>
  <testcase classname="Testcases.LoginTest" name="verifylogin" time="0.454"/>
  <testcase classname="Testcases.LoginTest" name="verifylogin" time="2.437"/>
  <testcase classname="Testcases.LoginTest" name="verifylogin" time="0.413"/>
  <testcase classname="Testcases.LoginTest" name="verifylogin" time="0.38"/>
  <testcase classname="Testcases.LoginTest" name="verifylogin" time="3.083"/>
  <testcase classname="Testcases.LoginTest" name="verifylogin" time="2.7"/>
  <testcase classname="Testcases.LoginTest" name="verifylogin" time="0.384"/>
  <testcase classname="Testcases.LoginTest" name="verifylogin" time="4.964"/>
  <testcase classname="Testcases.LoginTest" name="verifylogin" time="0.399"/>
  <testcase classname="Testcases.LoginTest" name="verifylogin" time="1.866"/>
  <testcase classname="Testcases.LoginTest" name="verifylogin" time="4.16"/>
  <testcase classname="Testcases.ProductCart" name="productcart" time="18.376"/>
  <testcase classname="Testcases.paymentcheck" name="login" time="25.708">
    <failure type="org.openqa.selenium.TimeoutException" message="Expected condition failed: waiting for visibility of element found by By.xpath: //*[contains(@name,&amp;apos;name_on_card&amp;apos;)], but... org.openqa.selenium.NoSuchElementException: no such element: Unable to locate element: {&amp;quot;method&amp;quot;:&amp;quot;xpath&amp;quot;,&amp;quot;selector&amp;quot;:&amp;quot;//*[contains(@name,&amp;apos;name_on_card&amp;apos;)]&amp;quot;}.
(tried for 10 seconds with 500 milliseconds interval)
Build info: version: &amp;apos;4.41.0&amp;apos;, revision: &amp;apos;9fc754f&amp;apos;
System info: os.name: &amp;apos;Windows 11&amp;apos;, os.arch: &amp;apos;amd64&amp;apos;, os.version: &amp;apos;10.0&amp;apos;, java.version: &amp;apos;17.0.10&amp;apos;
Driver info: org.openqa.selenium.edge.EdgeDriver
Capabilities {acceptInsecureCerts: false, browserName: MicrosoftEdge, browserVersion: 149.0.4022.98, fedcm:accounts: true, goog:processID: 27472, ms:edgeOptions: {debuggerAddress: localhost:49249}, msedge: {msedgedriverVersion: 149.0.4022.98 (d8414318246f..., userDataDir: C:\Users\HP\AppData\Local\T...}, networkConnectionEnabled: false, pageLoadStrategy: normal, platformName: windows, proxy: Proxy(), se:cdp: ws://localhost:49249/devtoo..., se:cdpVersion: 149.0.4022.98, setWindowRect: true, strictFileInteractability: false, timeouts: {implicit: 0, pageLoad: 300000, script: 30000}, unhandledPromptBehavior: dismiss and notify, webauthn:extension:credBlob: true, webauthn:extension:largeBlob: true, webauthn:extension:minPinLength: true, webauthn:extension:prf: true, webauthn:virtualAuthenticators: true}
Session ID: a15544c1d7e43317d3782df767d2d567">
      <![CDATA[org.openqa.selenium.TimeoutException: Expected condition failed: waiting for visibility of element found by By.xpath: //*[contains(@name,'name_on_card')], but... org.openqa.selenium.NoSuchElementException: no such element: Unable to locate element: {"method":"xpath","selector":"//*[contains(@name,'name_on_card')]"}.
(tried for 10 seconds with 500 milliseconds interval)
Build info: version: '4.41.0', revision: '9fc754f'
System info: os.name: 'Windows 11', os.arch: 'amd64', os.version: '10.0', java.version: '17.0.10'
Driver info: org.openqa.selenium.edge.EdgeDriver
Capabilities {acceptInsecureCerts: false, browserName: MicrosoftEdge, browserVersion: 149.0.4022.98, fedcm:accounts: true, goog:processID: 27472, ms:edgeOptions: {debuggerAddress: localhost:49249}, msedge: {msedgedriverVersion: 149.0.4022.98 (d8414318246f..., userDataDir: C:\Users\HP\AppData\Local\T...}, networkConnectionEnabled: false, pageLoadStrategy: normal, platformName: windows, proxy: Proxy(), se:cdp: ws://localhost:49249/devtoo..., se:cdpVersion: 149.0.4022.98, setWindowRect: true, strictFileInteractability: false, timeouts: {implicit: 0, pageLoad: 300000, script: 30000}, unhandledPromptBehavior: dismiss and notify, webauthn:extension:credBlob: true, webauthn:extension:largeBlob: true, webauthn:extension:minPinLength: true, webauthn:extension:prf: true, webauthn:virtualAuthenticators: true}
Session ID: a15544c1d7e43317d3782df767d2d567
at org.openqa.selenium.support.ui.WebDriverWait.timeoutException(WebDriverWait.java:85)
at org.openqa.selenium.support.ui.FluentWait.until(FluentWait.java:233)
at Utils.WaitsUtils.waitforVisibility(WaitsUtils.java:27)
at Pages.PaymentFlow.credit_card_payment(PaymentFlow.java:35)
at Testcases.paymentcheck.login(paymentcheck.java:25)
at java.base/java.util.ArrayList.forEach(ArrayList.java:1511)
... Removed 27 stack frames]]>
    </failure>
  </testcase> <!-- login -->
</testsuite> <!-- Test1.2 -->
