<?xml version="1.0" encoding="UTF-8"?>
<!-- Generated by org.testng.reporters.JUnitXMLReporter -->
<testsuite ignored="0" hostname="Nitin-Yadav" failures="0" tests="2" name="Test1.2(failed)(failed)(failed)" time="39.26" errors="0" timestamp="2026-06-30T11:13:53 IST">
  <testcase classname="Testcases.paymentcheck" name="login" time="13.32">
    <skipped/>
  </testcase> <!-- login -->
  <testcase classname="Testcases.paymentcheck" name="login" time="17.07"/>
</testsuite> <!-- Test1.2(failed)(failed)(failed) -->
