<?xml version="1.0" encoding="UTF-8"?>
<testng-results ignored="0" total="6" passed="6" failed="0" skipped="0">
  <reporter-output>
  </reporter-output>
  <suite started-at="2026-07-08T13:09:29 IST" name="Suite4" finished-at="2026-07-08T13:11:36 IST" duration-ms="126262">
    <groups>
    </groups>
    <test started-at="2026-07-08T13:09:29 IST" name="Test4.2(Chrome Execution)" finished-at="2026-07-08T13:11:36 IST" duration-ms="126262">
      <class name="Testcases.ProductCart">
        <test-method is-config="true" signature="setup(java.lang.String)[pri:0, instance:Testcases.ProductCart@790174f2]" started-at="2026-07-08T13:09:57 IST" name="setup" finished-at="2026-07-08T13:10:03 IST" duration-ms="5476" status="PASS">
          <params>
            <param index="0">
              <value>
                <![CDATA[chrome]]>
              </value>
            </param>
          </params>
          <reporter-output>
          </reporter-output>
        </test-method> <!-- setup -->
        <test-method signature="verifylogin(java.lang.String,java.lang.String)[pri:0, instance:Testcases.ProductCart@790174f2]" started-at="2026-07-08T13:10:03 IST" name="verifylogin" data-provider="LoginData" finished-at="2026-07-08T13:10:59 IST" duration-ms="56114" status="PASS">
          <params>
            <param index="0">
              <value>
                <![CDATA[ynitin156@gmail.com]]>
              </value>
            </param>
            <param index="1">
              <value>
                <![CDATA[Quantum@8726]]>
              </value>
            </param>
          </params>
          <reporter-output>
          </reporter-output>
        </test-method> <!-- verifylogin -->
        <test-method is-config="true" signature="teardown()[pri:0, instance:Testcases.ProductCart@790174f2]" started-at="2026-07-08T13:10:59 IST" name="teardown" finished-at="2026-07-08T13:10:59 IST" duration-ms="222" status="PASS">
          <reporter-output>
          </reporter-output>
        </test-method> <!-- teardown -->
        <test-method is-config="true" signature="setup(java.lang.String)[pri:0, instance:Testcases.ProductCart@790174f2]" started-at="2026-07-08T13:10:59 IST" name="setup" finished-at="2026-07-08T13:11:06 IST" duration-ms="6787" status="PASS">
          <params>
            <param index="0">
              <value>
                <![CDATA[chrome]]>
              </value>
            </param>
          </params>
          <reporter-output>
          </reporter-output>
        </test-method> <!-- setup -->
        <test-method signature="verifylogin(java.lang.String,java.lang.String)[pri:0, instance:Testcases.ProductCart@790174f2]" started-at="2026-07-08T13:11:06 IST" name="verifylogin" data-provider="LoginData" finished-at="2026-07-08T13:11:09 IST" duration-ms="2591" status="PASS">
          <params>
            <param index="0">
              <value>
                <![CDATA[ynitin159@gmail.com]]>
              </value>
            </param>
            <param index="1">
              <value>
                <![CDATA[Quantum@8726]]>
              </value>
            </param>
          </params>
          <reporter-output>
          </reporter-output>
        </test-method> <!-- verifylogin -->
        <test-method is-config="true" signature="teardown()[pri:0, instance:Testcases.ProductCart@790174f2]" started-at="2026-07-08T13:11:09 IST" name="teardown" finished-at="2026-07-08T13:11:09 IST" duration-ms="168" status="PASS">
          <reporter-output>
          </reporter-output>
        </test-method> <!-- teardown -->
      </class> <!-- Testcases.ProductCart -->
      <class name="Testcases.LoginTest">
        <test-method is-config="true" signature="setup(java.lang.String)[pri:0, instance:Testcases.LoginTest@6db66836]" started-at="2026-07-08T13:09:30 IST" name="setup" finished-at="2026-07-08T13:09:39 IST" duration-ms="9256" status="PASS">
          <params>
            <param index="0">
              <value>
                <![CDATA[chrome]]>
              </value>
            </param>
          </params>
          <reporter-output>
          </reporter-output>
        </test-method> <!-- setup -->
        <test-method signature="verifylogin(java.lang.String,java.lang.String)[pri:0, instance:Testcases.LoginTest@6db66836]" started-at="2026-07-08T13:09:39 IST" name="verifylogin" data-provider="LoginData" finished-at="2026-07-08T13:09:48 IST" duration-ms="8539" status="PASS">
          <params>
            <param index="0">
              <value>
                <![CDATA[ynitin156@gmail.com]]>
              </value>
            </param>
            <param index="1">
              <value>
                <![CDATA[Quantum@8726]]>
              </value>
            </param>
          </params>
          <reporter-output>
          </reporter-output>
        </test-method> <!-- verifylogin -->
        <test-method is-config="true" signature="teardown()[pri:0, instance:Testcases.LoginTest@6db66836]" started-at="2026-07-08T13:09:48 IST" name="teardown" finished-at="2026-07-08T13:09:48 IST" duration-ms="175" status="PASS">
          <reporter-output>
          </reporter-output>
        </test-method> <!-- teardown -->
        <test-method is-config="true" signature="setup(java.lang.String)[pri:0, instance:Testcases.LoginTest@6db66836]" started-at="2026-07-08T13:09:48 IST" name="setup" finished-at="2026-07-08T13:09:54 IST" duration-ms="6133" status="PASS">
          <params>
            <param index="0">
              <value>
                <![CDATA[chrome]]>
              </value>
            </param>
          </params>
          <reporter-output>
          </reporter-output>
        </test-method> <!-- setup -->
        <test-method signature="verifylogin(java.lang.String,java.lang.String)[pri:0, instance:Testcases.LoginTest@6db66836]" started-at="2026-07-08T13:09:54 IST" name="verifylogin" data-provider="LoginData" finished-at="2026-07-08T13:09:57 IST" duration-ms="2565" status="PASS">
          <params>
            <param index="0">
              <value>
                <![CDATA[ynitin159@gmail.com]]>
              </value>
            </param>
            <param index="1">
              <value>
                <![CDATA[Quantum@8726]]>
              </value>
            </param>
          </params>
          <reporter-output>
          </reporter-output>
        </test-method> <!-- verifylogin -->
        <test-method is-config="true" signature="teardown()[pri:0, instance:Testcases.LoginTest@6db66836]" started-at="2026-07-08T13:09:57 IST" name="teardown" finished-at="2026-07-08T13:09:57 IST" duration-ms="149" status="PASS">
          <reporter-output>
          </reporter-output>
        </test-method> <!-- teardown -->
      </class> <!-- Testcases.LoginTest -->
      <class name="Testcases.paymentcheck">
        <test-method is-config="true" signature="setup(java.lang.String)[pri:0, instance:Testcases.paymentcheck@42257bdd]" started-at="2026-07-08T13:11:09 IST" name="setup" finished-at="2026-07-08T13:11:16 IST" duration-ms="6857" status="PASS">
          <params>
            <param index="0">
              <value>
                <![CDATA[chrome]]>
              </value>
            </param>
          </params>
          <reporter-output>
          </reporter-output>
        </test-method> <!-- setup -->
        <test-method signature="verifylogin(java.lang.String,java.lang.String)[pri:0, instance:Testcases.paymentcheck@42257bdd]" started-at="2026-07-08T13:11:16 IST" name="verifylogin" data-provider="LoginData" finished-at="2026-07-08T13:11:25 IST" duration-ms="8956" status="PASS">
          <params>
            <param index="0">
              <value>
                <![CDATA[ynitin156@gmail.com]]>
              </value>
            </param>
            <param index="1">
              <value>
                <![CDATA[Quantum@8726]]>
              </value>
            </param>
          </params>
          <reporter-output>
          </reporter-output>
        </test-method> <!-- verifylogin -->
        <test-method is-config="true" signature="teardown()[pri:0, instance:Testcases.paymentcheck@42257bdd]" started-at="2026-07-08T13:11:25 IST" name="teardown" finished-at="2026-07-08T13:11:25 IST" duration-ms="200" status="PASS">
          <reporter-output>
          </reporter-output>
        </test-method> <!-- teardown -->
        <test-method is-config="true" signature="setup(java.lang.String)[pri:0, instance:Testcases.paymentcheck@42257bdd]" started-at="2026-07-08T13:11:25 IST" name="setup" finished-at="2026-07-08T13:11:33 IST" duration-ms="7352" status="PASS">
          <params>
            <param index="0">
              <value>
                <![CDATA[chrome]]>
              </value>
            </param>
          </params>
          <reporter-output>
          </reporter-output>
        </test-method> <!-- setup -->
        <test-method signature="verifylogin(java.lang.String,java.lang.String)[pri:0, instance:Testcases.paymentcheck@42257bdd]" started-at="2026-07-08T13:11:33 IST" name="verifylogin" data-provider="LoginData" finished-at="2026-07-08T13:11:35 IST" duration-ms="2606" status="PASS">
          <params>
            <param index="0">
              <value>
                <![CDATA[ynitin159@gmail.com]]>
              </value>
            </param>
            <param index="1">
              <value>
                <![CDATA[Quantum@8726]]>
              </value>
            </param>
          </params>
          <reporter-output>
          </reporter-output>
        </test-method> <!-- verifylogin -->
        <test-method is-config="true" signature="teardown()[pri:0, instance:Testcases.paymentcheck@42257bdd]" started-at="2026-07-08T13:11:36 IST" name="teardown" finished-at="2026-07-08T13:11:36 IST" duration-ms="179" status="PASS">
          <reporter-output>
          </reporter-output>
        </test-method> <!-- teardown -->
      </class> <!-- Testcases.paymentcheck -->
    </test> <!-- Test4.2(Chrome Execution) -->
  </suite> <!-- Suite4 -->
</testng-results>
