<?xml version="1.0" encoding="UTF-8"?>
<testng-results ignored="0" total="6" passed="6" failed="0" skipped="0">
  <reporter-output>
  </reporter-output>
  <suite started-at="2026-07-08T12:33:07 IST" name="Suite4" finished-at="2026-07-08T12:34:31 IST" duration-ms="84033">
    <groups>
    </groups>
    <test started-at="2026-07-08T12:33:07 IST" name="Test4.1(Firefox Execution)" finished-at="2026-07-08T12:33:37 IST" duration-ms="29916">
      <class name="Testcases.LoginTest">
        <test-method is-config="true" signature="setup(java.lang.String)[pri:0, instance:Testcases.LoginTest@27e0f2f5]" started-at="2026-07-08T12:33:08 IST" name="setup" finished-at="2026-07-08T12:33:19 IST" duration-ms="11681" status="PASS">
          <params>
            <param index="0">
              <value>
                <![CDATA[firefox]]>
              </value>
            </param>
          </params>
          <reporter-output>
          </reporter-output>
        </test-method> <!-- setup -->
        <test-method signature="verifylogin(java.lang.String,java.lang.String)[pri:0, instance:Testcases.LoginTest@27e0f2f5]" started-at="2026-07-08T12:33:19 IST" name="verifylogin" data-provider="LoginData" finished-at="2026-07-08T12:33:24 IST" duration-ms="4087" status="PASS">
          <params>
            <param index="0">
              <value>
                <![CDATA[ynitin156@gmail.com]]>
              </value>
            </param>
            <param index="1">
              <value>
                <![CDATA[Quantum@8726]]>
              </value>
            </param>
          </params>
          <reporter-output>
          </reporter-output>
        </test-method> <!-- verifylogin -->
        <test-method is-config="true" signature="teardown()[pri:0, instance:Testcases.LoginTest@27e0f2f5]" started-at="2026-07-08T12:33:24 IST" name="teardown" finished-at="2026-07-08T12:33:24 IST" duration-ms="753" status="PASS">
          <reporter-output>
          </reporter-output>
        </test-method> <!-- teardown -->
        <test-method is-config="true" signature="setup(java.lang.String)[pri:0, instance:Testcases.LoginTest@27e0f2f5]" started-at="2026-07-08T12:33:24 IST" name="setup" finished-at="2026-07-08T12:33:35 IST" duration-ms="10467" status="PASS">
          <params>
            <param index="0">
              <value>
                <![CDATA[firefox]]>
              </value>
            </param>
          </params>
          <reporter-output>
          </reporter-output>
        </test-method> <!-- setup -->
        <test-method signature="verifylogin(java.lang.String,java.lang.String)[pri:0, instance:Testcases.LoginTest@27e0f2f5]" started-at="2026-07-08T12:33:35 IST" name="verifylogin" data-provider="LoginData" finished-at="2026-07-08T12:33:36 IST" duration-ms="1365" status="PASS">
          <params>
            <param index="0">
              <value>
                <![CDATA[ynitin159@gmail.com]]>
              </value>
            </param>
            <param index="1">
              <value>
                <![CDATA[Quantum@8726]]>
              </value>
            </param>
          </params>
          <reporter-output>
          </reporter-output>
        </test-method> <!-- verifylogin -->
        <test-method is-config="true" signature="teardown()[pri:0, instance:Testcases.LoginTest@27e0f2f5]" started-at="2026-07-08T12:33:36 IST" name="teardown" finished-at="2026-07-08T12:33:37 IST" duration-ms="733" status="PASS">
          <reporter-output>
          </reporter-output>
        </test-method> <!-- teardown -->
      </class> <!-- Testcases.LoginTest -->
    </test> <!-- Test4.1(Firefox Execution) -->
    <test started-at="2026-07-08T12:33:42 IST" name="Test4.2(Chrome Execution)" finished-at="2026-07-08T12:34:04 IST" duration-ms="21356">
      <class name="Testcases.LoginTest">
        <test-method is-config="true" signature="setup(java.lang.String)[pri:0, instance:Testcases.LoginTest@2d72f75e]" started-at="2026-07-08T12:33:42 IST" name="setup" finished-at="2026-07-08T12:33:50 IST" duration-ms="7636" status="PASS">
          <params>
            <param index="0">
              <value>
                <![CDATA[chrome]]>
              </value>
            </param>
          </params>
          <reporter-output>
          </reporter-output>
        </test-method> <!-- setup -->
        <test-method signature="verifylogin(java.lang.String,java.lang.String)[pri:0, instance:Testcases.LoginTest@2d72f75e]" started-at="2026-07-08T12:33:50 IST" name="verifylogin" data-provider="LoginData" finished-at="2026-07-08T12:33:54 IST" duration-ms="4088" status="PASS">
          <params>
            <param index="0">
              <value>
                <![CDATA[ynitin156@gmail.com]]>
              </value>
            </param>
            <param index="1">
              <value>
                <![CDATA[Quantum@8726]]>
              </value>
            </param>
          </params>
          <reporter-output>
          </reporter-output>
        </test-method> <!-- verifylogin -->
        <test-method is-config="true" signature="teardown()[pri:0, instance:Testcases.LoginTest@2d72f75e]" started-at="2026-07-08T12:33:54 IST" name="teardown" finished-at="2026-07-08T12:33:54 IST" duration-ms="145" status="PASS">
          <reporter-output>
          </reporter-output>
        </test-method> <!-- teardown -->
        <test-method is-config="true" signature="setup(java.lang.String)[pri:0, instance:Testcases.LoginTest@2d72f75e]" started-at="2026-07-08T12:33:54 IST" name="setup" finished-at="2026-07-08T12:34:01 IST" duration-ms="6537" status="PASS">
          <params>
            <param index="0">
              <value>
                <![CDATA[chrome]]>
              </value>
            </param>
          </params>
          <reporter-output>
          </reporter-output>
        </test-method> <!-- setup -->
        <test-method signature="verifylogin(java.lang.String,java.lang.String)[pri:0, instance:Testcases.LoginTest@2d72f75e]" started-at="2026-07-08T12:34:01 IST" name="verifylogin" data-provider="LoginData" finished-at="2026-07-08T12:34:01 IST" duration-ms="537" status="PASS">
          <params>
            <param index="0">
              <value>
                <![CDATA[ynitin159@gmail.com]]>
              </value>
            </param>
            <param index="1">
              <value>
                <![CDATA[Quantum@8726]]>
              </value>
            </param>
          </params>
          <reporter-output>
          </reporter-output>
        </test-method> <!-- verifylogin -->
        <test-method is-config="true" signature="teardown()[pri:0, instance:Testcases.LoginTest@2d72f75e]" started-at="2026-07-08T12:34:03 IST" name="teardown" finished-at="2026-07-08T12:34:04 IST" duration-ms="175" status="PASS">
          <reporter-output>
          </reporter-output>
        </test-method> <!-- teardown -->
      </class> <!-- Testcases.LoginTest -->
    </test> <!-- Test4.2(Chrome Execution) -->
    <test started-at="2026-07-08T12:34:08 IST" name="Test4.3(Edge Execution)" finished-at="2026-07-08T12:34:31 IST" duration-ms="22773">
      <class name="Testcases.LoginTest">
        <test-method is-config="true" signature="setup(java.lang.String)[pri:0, instance:Testcases.LoginTest@5aa0dbf4]" started-at="2026-07-08T12:34:08 IST" name="setup" finished-at="2026-07-08T12:34:15 IST" duration-ms="6890" status="PASS">
          <params>
            <param index="0">
              <value>
                <![CDATA[edge]]>
              </value>
            </param>
          </params>
          <reporter-output>
          </reporter-output>
        </test-method> <!-- setup -->
        <test-method signature="verifylogin(java.lang.String,java.lang.String)[pri:0, instance:Testcases.LoginTest@5aa0dbf4]" started-at="2026-07-08T12:34:15 IST" name="verifylogin" data-provider="LoginData" finished-at="2026-07-08T12:34:20 IST" duration-ms="4424" status="PASS">
          <params>
            <param index="0">
              <value>
                <![CDATA[ynitin156@gmail.com]]>
              </value>
            </param>
            <param index="1">
              <value>
                <![CDATA[Quantum@8726]]>
              </value>
            </param>
          </params>
          <reporter-output>
          </reporter-output>
        </test-method> <!-- verifylogin -->
        <test-method is-config="true" signature="teardown()[pri:0, instance:Testcases.LoginTest@5aa0dbf4]" started-at="2026-07-08T12:34:20 IST" name="teardown" finished-at="2026-07-08T12:34:20 IST" duration-ms="366" status="PASS">
          <reporter-output>
          </reporter-output>
        </test-method> <!-- teardown -->
        <test-method is-config="true" signature="setup(java.lang.String)[pri:0, instance:Testcases.LoginTest@5aa0dbf4]" started-at="2026-07-08T12:34:20 IST" name="setup" finished-at="2026-07-08T12:34:27 IST" duration-ms="6282" status="PASS">
          <params>
            <param index="0">
              <value>
                <![CDATA[edge]]>
              </value>
            </param>
          </params>
          <reporter-output>
          </reporter-output>
        </test-method> <!-- setup -->
        <test-method signature="verifylogin(java.lang.String,java.lang.String)[pri:0, instance:Testcases.LoginTest@5aa0dbf4]" started-at="2026-07-08T12:34:27 IST" name="verifylogin" data-provider="LoginData" finished-at="2026-07-08T12:34:31 IST" duration-ms="4110" status="PASS">
          <params>
            <param index="0">
              <value>
                <![CDATA[ynitin159@gmail.com]]>
              </value>
            </param>
            <param index="1">
              <value>
                <![CDATA[Quantum@8726]]>
              </value>
            </param>
          </params>
          <reporter-output>
          </reporter-output>
        </test-method> <!-- verifylogin -->
        <test-method is-config="true" signature="teardown()[pri:0, instance:Testcases.LoginTest@5aa0dbf4]" started-at="2026-07-08T12:34:31 IST" name="teardown" finished-at="2026-07-08T12:34:31 IST" duration-ms="201" status="PASS">
          <reporter-output>
          </reporter-output>
        </test-method> <!-- teardown -->
      </class> <!-- Testcases.LoginTest -->
    </test> <!-- Test4.3(Edge Execution) -->
  </suite> <!-- Suite4 -->
</testng-results>
